<?xml version="1.0" encoding="UTF-8"?><testsuite errors="0" failures="1" name="Hacer el maxTime de manera automatizada" skipped="0" tests="1" time="0.67" timestamp="2019-10-15 03:18:42"><testcase name="ingreso a maxtime y se realiza el reporte del dia"><failure message="The page object class com.choucair.formacion.pageobjects.maxTimePage looks dodgy:&#10;Failed to instantiate page (java.lang.NullPointerException)" type="net.thucydides.core.pages.WrongPageError">The page object class com.choucair.formacion.pageobjects.maxTimePage looks dodgy:
Failed to instantiate page (java.lang.NullPointerException)</failure><system-err>The page object class com.choucair.formacion.pageobjects.maxTimePage looks dodgy:
Failed to instantiate page (java.lang.NullPointerException)&#13;
cucumber.runner.Runner.runPickle(Runner.java:80)&#13;
✽.ingreso a MaxTime(src/test/resources/features/maxTime.feature:4)&#13;
</system-err></testcase></testsuite>